<?xml version="1.0" encoding="UTF-8"?>
<coverage generated="1676904216563" clover="3.2.0">
  <project timestamp="1676904216563" name="All files">
    <metrics statements="16" coveredstatements="16" conditionals="4" coveredconditionals="4" methods="7" coveredmethods="7" elements="27" coveredelements="27" complexity="0" loc="16" ncloc="16" packages="1" files="2" classes="2"/>
    <file name="bankAccount.js" path="/Users/abod/MA/MA-Projects/practice-tect-tests/bank-tech-test/src/bankAccount.js">
      <metrics statements="11" coveredstatements="11" conditionals="4" coveredconditionals="4" methods="6" coveredmethods="6"/>
      <line num="1" count="1" type="stmt"/>
      <line num="5" count="1" type="stmt"/>
      <line num="6" count="1" type="stmt"/>
      <line num="10" count="3" type="stmt"/>
      <line num="14" count="1" type="stmt"/>
      <line num="15" count="1" type="stmt"/>
      <line num="20" count="4" type="stmt"/>
      <line num="26" count="4" type="cond" truecount="2" falsecount="0"/>
      <line num="32" count="2" type="stmt"/>
      <line num="38" count="2" type="cond" truecount="2" falsecount="0"/>
      <line num="44" count="1" type="stmt"/>
    </file>
    <file name="transaction.js" path="/Users/abod/MA/MA-Projects/practice-tect-tests/bank-tech-test/src/transaction.js">
      <metrics statements="5" coveredstatements="5" conditionals="0" coveredconditionals="0" methods="1" coveredmethods="1"/>
      <line num="3" count="1" type="stmt"/>
      <line num="4" count="1" type="stmt"/>
      <line num="5" count="1" type="stmt"/>
      <line num="6" count="1" type="stmt"/>
      <line num="10" count="2" type="stmt"/>
    </file>
  </project>
</coverage>
