{"/Users/abod/MA/MA-Projects/practice-tect-tests/bank-tech-test/src/bankAccount.js": {"path":"/Users/abod/MA/MA-Projects/practice-tect-tests/bank-tech-test/src/bankAccount.js","statementMap":{},"fnMap":{"0":{"name":"(anonymous_0)","decl":{"start":{"line":2,"column":2},"end":{"line":2,"column":3}},"loc":{"start":{"line":2,"column":16},"end":{"line":2,"column":18}},"line":2}},"branchMap":{},"s":{},"f":{"0":0},"b":{}}
,"/Users/abod/MA/MA-Projects/practice-tect-tests/bank-tech-test/src/transaction.js": {"path":"/Users/abod/MA/MA-Projects/practice-tect-tests/bank-tech-test/src/transaction.js","statementMap":{},"fnMap":{"0":{"name":"(anonymous_0)","decl":{"start":{"line":2,"column":2},"end":{"line":2,"column":3}},"loc":{"start":{"line":2,"column":16},"end":{"line":2,"column":18}},"line":2}},"branchMap":{},"s":{},"f":{"0":0},"b":{}}
}
