{"/Users/abod/MA/MA-Projects/practice-tect-tests/bank-tech-test/src/bankAccount.js": {"path":"/Users/abod/MA/MA-Projects/practice-tect-tests/bank-tech-test/src/bankAccount.js","statementMap":{"0":{"start":{"line":1,"column":20},"end":{"line":1,"column":44}},"1":{"start":{"line":5,"column":4},"end":{"line":5,"column":28}},"2":{"start":{"line":6,"column":4},"end":{"line":6,"column":69}},"3":{"start":{"line":10,"column":4},"end":{"line":10,"column":31}},"4":{"start":{"line":14,"column":4},"end":{"line":16,"column":7}},"5":{"start":{"line":15,"column":6},"end":{"line":15,"column":37}},"6":{"start":{"line":20,"column":24},"end":{"line":25,"column":5}},"7":{"start":{"line":26,"column":4},"end":{"line":28,"column":48}},"8":{"start":{"line":32,"column":24},"end":{"line":37,"column":5}},"9":{"start":{"line":38,"column":4},"end":{"line":40,"column":48}},"10":{"start":{"line":44,"column":0},"end":{"line":44,"column":29}}},"fnMap":{"0":{"name":"(anonymous_0)","decl":{"start":{"line":4,"column":2},"end":{"line":4,"column":3}},"loc":{"start":{"line":4,"column":16},"end":{"line":7,"column":3}},"line":4},"1":{"name":"(anonymous_1)","decl":{"start":{"line":9,"column":2},"end":{"line":9,"column":3}},"loc":{"start":{"line":9,"column":17},"end":{"line":11,"column":3}},"line":9},"2":{"name":"(anonymous_2)","decl":{"start":{"line":13,"column":2},"end":{"line":13,"column":3}},"loc":{"start":{"line":13,"column":19},"end":{"line":17,"column":3}},"line":13},"3":{"name":"(anonymous_3)","decl":{"start":{"line":14,"column":34},"end":{"line":14,"column":35}},"loc":{"start":{"line":14,"column":47},"end":{"line":16,"column":5}},"line":14},"4":{"name":"(anonymous_4)","decl":{"start":{"line":19,"column":2},"end":{"line":19,"column":3}},"loc":{"start":{"line":19,"column":18},"end":{"line":29,"column":3}},"line":19},"5":{"name":"(anonymous_5)","decl":{"start":{"line":31,"column":2},"end":{"line":31,"column":3}},"loc":{"start":{"line":31,"column":19},"end":{"line":41,"column":3}},"line":31}},"branchMap":{"0":{"loc":{"start":{"line":26,"column":4},"end":{"line":28,"column":47}},"type":"cond-expr","locations":[{"start":{"line":27,"column":8},"end":{"line":27,"column":60}},{"start":{"line":28,"column":8},"end":{"line":28,"column":47}}],"line":26},"1":{"loc":{"start":{"line":38,"column":4},"end":{"line":40,"column":47}},"type":"cond-expr","locations":[{"start":{"line":39,"column":8},"end":{"line":39,"column":71}},{"start":{"line":40,"column":8},"end":{"line":40,"column":47}}],"line":38}},"s":{"0":1,"1":1,"2":1,"3":3,"4":1,"5":1,"6":4,"7":4,"8":2,"9":2,"10":1},"f":{"0":1,"1":3,"2":1,"3":1,"4":4,"5":2},"b":{"0":[1,3],"1":[1,1]},"_coverageSchema":"1a1c01bbd47fc00a2c39e90264f33305004495a9","hash":"aa6d8408358c4980f406f127e528ecc351b80a42"}
,"/Users/abod/MA/MA-Projects/practice-tect-tests/bank-tech-test/src/transaction.js": {"path":"/Users/abod/MA/MA-Projects/practice-tect-tests/bank-tech-test/src/transaction.js","statementMap":{"0":{"start":{"line":3,"column":4},"end":{"line":3,"column":21}},"1":{"start":{"line":4,"column":4},"end":{"line":4,"column":25}},"2":{"start":{"line":5,"column":4},"end":{"line":5,"column":23}},"3":{"start":{"line":6,"column":4},"end":{"line":6,"column":27}},"4":{"start":{"line":10,"column":0},"end":{"line":10,"column":29}}},"fnMap":{"0":{"name":"(anonymous_0)","decl":{"start":{"line":2,"column":2},"end":{"line":2,"column":3}},"loc":{"start":{"line":2,"column":44},"end":{"line":7,"column":3}},"line":2}},"branchMap":{},"s":{"0":1,"1":1,"2":1,"3":1,"4":2},"f":{"0":1},"b":{},"_coverageSchema":"1a1c01bbd47fc00a2c39e90264f33305004495a9","hash":"1dfef96b206942e085c9d9d6f80374b95a6adf70"}
}
