TN:
SF:src/bankAccount.js
FN:4,(anonymous_0)
FN:10,(anonymous_1)
FN:14,(anonymous_2)
FN:17,(anonymous_3)
FN:28,(anonymous_4)
FN:37,(anonymous_5)
FN:50,(anonymous_6)
FNF:7
FNH:7
FNDA:8,(anonymous_0)
FNDA:3,(anonymous_1)
FNDA:3,(anonymous_2)
FNDA:4,(anonymous_3)
FNDA:10,(anonymous_4)
FNDA:6,(anonymous_5)
FNDA:4,(anonymous_6)
DA:1,2
DA:5,8
DA:6,8
DA:7,8
DA:11,3
DA:15,3
DA:17,3
DA:18,4
DA:19,4
DA:20,4
DA:29,10
DA:34,10
DA:38,6
DA:39,6
DA:45,6
DA:51,4
DA:52,4
DA:58,4
DA:64,2
LF:19
LH:19
BRDA:18,0,0,2
BRDA:18,0,1,2
BRDA:19,1,0,2
BRDA:19,1,1,2
BRDA:34,2,0,0
BRDA:34,2,1,10
BRDA:45,3,0,1
BRDA:45,3,1,5
BRDA:58,4,0,1
BRDA:58,4,1,3
BRF:10
BRH:9
end_of_record
TN:
SF:src/transaction.js
FN:2,(anonymous_0)
FNF:1
FNH:1
FNDA:4,(anonymous_0)
DA:3,4
DA:4,4
DA:5,4
DA:6,4
DA:10,2
LF:5
LH:5
BRF:0
BRH:0
end_of_record
